
OpenSBI v0.4 (Jul  2 2019 11:53:53)
   ____                    _____ ____ _____
  / __ \                  / ____|  _ \_   _|
 | |  | |_ __   ___ _ __ | (___ | |_) || |
 | |  | | '_ \ / _ \ '_ \ \___ \|  _ < | |
 | |__| | |_) |  __/ | | |____) | |_) || |_
  \____/| .__/ \___|_| |_|_____/|____/_____|
        | |
        |_|

Platform Name          : QEMU Virt Machine
Platform HART Features : RV64ACDFIMSU
Platform Max HARTs     : 8
Current Hart           : 0
Firmware Base          : 0x80000000
Firmware Size          : 112 KB
Runtime SBI Version    : 0.1

PMP0: 0x0000000080000000-0x000000008001ffff (A)
PMP1: 0x0000000000000000-0xffffffffffffffff (A,R,W,X)
(THU.CST) os is loading ...

Special kernel symbols:
  entry  0xc0200036 (virtual)
  etext  0xc0204406 (virtual)
  edata  0xc020a040 (virtual)
  end    0xc0211598 (virtual)
Kernel executable memory footprint: 70KB
memory management: default_pmm_manager
membegin 80200000 memend 88000000 mem_size 7e00000
physcial memory map:
  memory: 0x07e00000, [0x80200000, 0x87ffffff].
check_alloc_page() succeeded!
check_pgdir() succeeded!
check_boot_pgdir() succeeded!
check_vma_struct() succeeded!
Store/AMO page fault
page fault at 0x00000100: K/W
check_pgfault() succeeded!
check_vmm() succeeded.
SWAP: manager = lru swap manager
count=0, total=0, p->property=3
count=1, total=3, p->property=31658
BEGIN check_swap: count 2, total 31661
 mm->sm_priv c0211578 in fifo_init_mm
setup Page Table for vaddr 0X1000, so alloc a page
setup Page Table vaddr 0~4MB OVER!
set up init env for check_swap begin!
Store/AMO page fault
page fault at 0x00001000: K/W

begin check----------------------------------
end check------------------------------------

Store/AMO page fault
page fault at 0x00002000: K/W

begin check----------------------------------
the ppn value of the pte of the vaddress is: 0x80457  
the visited goes to 0
end check------------------------------------

Store/AMO page fault
page fault at 0x00003000: K/W

begin check----------------------------------
the ppn value of the pte of the vaddress is: 0x80457  
the visited goes to 1
the ppn value of the pte of the vaddress is: 0x80458  
the visited goes to 0
end check------------------------------------

Store/AMO page fault
page fault at 0x00004000: K/W

begin check----------------------------------
the ppn value of the pte of the vaddress is: 0x80457  
the visited goes to 2
the ppn value of the pte of the vaddress is: 0x80458  
the visited goes to 1
the ppn value of the pte of the vaddress is: 0x80459  
the visited goes to 0
end check------------------------------------

set up init env for check_swap over!
Store/AMO page fault
page fault at 0x00005000: K/W

begin check----------------------------------
the ppn value of the pte of the vaddress is: 0x80457  
the visited goes to 0
the ppn value of the pte of the vaddress is: 0x80458  
the visited goes to 0
the ppn value of the pte of the vaddress is: 0x80459  
the visited goes to 0
the ppn value of the pte of the vaddress is: 0x8045a  
the visited goes to 0
end check------------------------------------

curr_ptr 0xffffffffc02258a8
swap_out: i 0, store page in vaddr 0x1000 to disk swap entry 2

begin check----------------------------------
the ppn value of the pte of the vaddress is: 0x80458  
the visited goes to 1
the ppn value of the pte of the vaddress is: 0x80459  
the visited goes to 1
the ppn value of the pte of the vaddress is: 0x8045a  
the visited goes to 1
end check------------------------------------

Load page fault
page fault at 0x00001000: K/R

begin check----------------------------------
the ppn value of the pte of the vaddress is: 0x80458  
the visited goes to 2
the ppn value of the pte of the vaddress is: 0x80459  
the visited goes to 2
the ppn value of the pte of the vaddress is: 0x8045a  
the visited goes to 2
the ppn value of the pte of the vaddress is: 0x80457  
the visited goes to 0
end check------------------------------------

curr_ptr 0xffffffffc02258f0
swap_out: i 0, store page in vaddr 0x2000 to disk swap entry 3
swap_in: load disk swap entry 2 with swap_page in vadr 0x1000

begin check----------------------------------
the ppn value of the pte of the vaddress is: 0x80459  
the visited goes to 3
the ppn value of the pte of the vaddress is: 0x8045a  
the visited goes to 3
the ppn value of the pte of the vaddress is: 0x80457  
the visited goes to 1
end check------------------------------------

count=2, total=31661, p->property=31653
count is 1, total is 8
check_swap() succeeded!
++ setup timer interrupts
100 ticks
100 ticks
100 ticks
100 ticks
100 ticks
100 ticks
100 ticks
100 ticks
100 ticks
100 ticks
